<?xml version="1.0" encoding="UTF-8"?>
<!-- Generated by org.testng.reporters.JUnitXMLReporter -->
<testsuite ignored="0" hostname="Gangulas-MacBook.local" failures="0" tests="1" name="Default test(failed)" time="20.2" errors="0" timestamp="2024-07-27T13:47:31 IST">
  <testcase classname="rahulshettyacademy.vamsi_appium.baseclass" name="@BeforeClass ConfigureAppium" time="20.149">
    <failure type="io.appium.java_client.service.local.AppiumServerHasNotBeenStartedLocallyException" message="Appium HTTP server is not listening at http://127.0.0.1:4723/ after 20000 ms timeout. Consider increasing the server startup timeout value and check the server log for possible error messages occurrences.
Node.js executable path: /usr/local/bin/node
Arguments: [/usr/local/lib/node_modules/appium/build/lib/main.js, --port, 4723, --address, 127.0.0.1]
Server log: [38;5;112m[Appium][0m Welcome to Appium v2.11.2
[38;5;112m[Appium][0m Non-default server args:
[38;5;112m[Appium][0m { address: [32m&amp;apos;127.0.0.1&amp;apos;[39m }
[38;5;112m[Appium][0m The autodetected Appium home path: /Users/gangulagvkvamsikumar
[38;5;112m[Appium][0m Attempting to load driver uiautomator2...
[38;5;112m[Appium][0m Requiring driver at /Users/gangulagvkvamsikumar/node_modules/appium-uiautomator2-driver/build/index.js
[38;5;112m[Appium][0m AndroidUiautomator2Driver has been successfully loaded in 0.167s
[38;5;86m[HTTP][0m Could not start REST http interface listener. The requested port may already be in use. Please make sure there is no other instance of this server running already.
[38;5;112m[Appium][0m Could not configure Appium server. It&amp;apos;s possible that a driver or plugin tried to update the server and failed. Original error: listen EADDRINUSE: address already in use 127.0.0.1:4723
[38;5;112m[Appium][0m Error: listen EADDRINUSE: address already in use 127.0.0.1:4723
    at Server.setupListenHandle [as _listen2] (node:net:1904:16)
    at listenInCluster (node:net:1961:12)
    at doListen (node:net:2135:7)
    at processTicksAndRejections (node:internal/process/task_queues:83:21)
">
      <![CDATA[io.appium.java_client.service.local.AppiumServerHasNotBeenStartedLocallyException: Appium HTTP server is not listening at http://127.0.0.1:4723/ after 20000 ms timeout. Consider increasing the server startup timeout value and check the server log for possible error messages occurrences.
Node.js executable path: /usr/local/bin/node
Arguments: [/usr/local/lib/node_modules/appium/build/lib/main.js, --port, 4723, --address, 127.0.0.1]
Server log: [38;5;112m[Appium][0m Welcome to Appium v2.11.2
[38;5;112m[Appium][0m Non-default server args:
[38;5;112m[Appium][0m { address: [32m'127.0.0.1'[39m }
[38;5;112m[Appium][0m The autodetected Appium home path: /Users/gangulagvkvamsikumar
[38;5;112m[Appium][0m Attempting to load driver uiautomator2...
[38;5;112m[Appium][0m Requiring driver at /Users/gangulagvkvamsikumar/node_modules/appium-uiautomator2-driver/build/index.js
[38;5;112m[Appium][0m AndroidUiautomator2Driver has been successfully loaded in 0.167s
[38;5;86m[HTTP][0m Could not start REST http interface listener. The requested port may already be in use. Please make sure there is no other instance of this server running already.
[38;5;112m[Appium][0m Could not configure Appium server. It's possible that a driver or plugin tried to update the server and failed. Original error: listen EADDRINUSE: address already in use 127.0.0.1:4723
[38;5;112m[Appium][0m Error: listen EADDRINUSE: address already in use 127.0.0.1:4723
    at Server.setupListenHandle [as _listen2] (node:net:1904:16)
    at listenInCluster (node:net:1961:12)
    at doListen (node:net:2135:7)
    at processTicksAndRejections (node:internal/process/task_queues:83:21)

at io.appium.java_client.service.local.AppiumDriverLocalService.start(AppiumDriverLocalService.java:192)
at rahulshettyacademy.vamsi_appium.baseclass.ConfigureAppium(baseclass.java:33)
at java.base/java.util.ArrayList.forEach(ArrayList.java:1596)
Caused by: io.appium.java_client.service.local.AppiumServerAvailabilityChecker$ConnectionTimeout: ConnectionTimeout
at io.appium.java_client.service.local.AppiumServerAvailabilityChecker.waitUntilAvailable(AppiumServerAvailabilityChecker.java:72)
at io.appium.java_client.service.local.AppiumDriverLocalService.ping(AppiumDriverLocalService.java:144)
at io.appium.java_client.service.local.AppiumDriverLocalService.start(AppiumDriverLocalService.java:185)
... 25 more
Caused by: java.net.ConnectException: Connection refused
at java.base/sun.nio.ch.Net.pollConnect(Native Method)
at java.base/sun.nio.ch.Net.pollConnectNow(Net.java:682)
at java.base/sun.nio.ch.NioSocketImpl.timedFinishConnect(NioSocketImpl.java:549)
at java.base/sun.nio.ch.NioSocketImpl.connect(NioSocketImpl.java:592)
at java.base/java.net.Socket.connect(Socket.java:751)
at java.base/sun.net.NetworkClient.doConnect(NetworkClient.java:178)
at java.base/sun.net.www.http.HttpClient.openServer(HttpClient.java:531)
at java.base/sun.net.www.http.HttpClient.openServer(HttpClient.java:636)
at java.base/sun.net.www.http.HttpClient.<init>(HttpClient.java:280)
at java.base/sun.net.www.http.HttpClient.New(HttpClient.java:386)
at java.base/sun.net.www.http.HttpClient.New(HttpClient.java:408)
at java.base/sun.net.www.protocol.http.HttpURLConnection.getNewHttpClient(HttpURLConnection.java:1304)
at java.base/sun.net.www.protocol.http.HttpURLConnection.plainConnect0(HttpURLConnection.java:1237)
at java.base/sun.net.www.protocol.http.HttpURLConnection.plainConnect(HttpURLConnection.java:1123)
at java.base/sun.net.www.protocol.http.HttpURLConnection.connect(HttpURLConnection.java:1052)
at io.appium.java_client.service.local.AppiumServerAvailabilityChecker.connectToUrl(AppiumServerAvailabilityChecker.java:79)
at io.appium.java_client.service.local.AppiumServerAvailabilityChecker.waitUntilAvailable(AppiumServerAvailabilityChecker.java:61)
... 27 more
... Removed 23 stack frames]]>
    </failure>
  </testcase> <!-- @BeforeClass ConfigureAppium -->
  <testcase classname="rahulshettyacademy.vamsi_appium.baseclass" name="@AfterClass tearDown" time="0.0">
    <skipped/>
  </testcase> <!-- @AfterClass tearDown -->
  <testcase classname="rahulshettyacademy.vamsi_appium.eCommerce_tc_4_Hybrid" name="FillForm" time="0.001">
    <skipped/>
  </testcase> <!-- FillForm -->
</testsuite> <!-- Default test(failed) -->
