<?xml version="1.0" encoding="UTF-8"?>
<testng-results ignored="0" total="1" passed="1" failed="0" skipped="0">
  <reporter-output>
  </reporter-output>
  <suite started-at="2024-08-03T15:12:05 IST" name="Default suite" finished-at="2024-08-03T15:12:38 IST" duration-ms="32617">
    <groups>
    </groups>
    <test started-at="2024-08-03T15:12:05 IST" name="Default test" finished-at="2024-08-03T15:12:38 IST" duration-ms="32617">
      <class name="androidapp.vamsi_appium.eCommerce_tc_4_Hybrid">
        <test-method is-config="true" signature="ConfigureAppium()[pri:0, instance:androidapp.vamsi_appium.eCommerce_tc_4_Hybrid@dbf57b3]" started-at="2024-08-03T15:12:05 IST" name="ConfigureAppium" finished-at="2024-08-03T15:12:09 IST" duration-ms="3727" status="PASS">
          <reporter-output>
          </reporter-output>
        </test-method> <!-- ConfigureAppium -->
        <test-method signature="FillForm()[pri:0, instance:androidapp.vamsi_appium.eCommerce_tc_4_Hybrid@dbf57b3]" started-at="2024-08-03T15:12:09 IST" name="FillForm" finished-at="2024-08-03T15:12:32 IST" duration-ms="23224" status="PASS">
          <reporter-output>
          </reporter-output>
        </test-method> <!-- FillForm -->
        <test-method is-config="true" signature="tearDown()[pri:0, instance:androidapp.vamsi_appium.eCommerce_tc_4_Hybrid@dbf57b3]" started-at="2024-08-03T15:12:32 IST" name="tearDown" finished-at="2024-08-03T15:12:38 IST" duration-ms="5648" status="PASS">
          <reporter-output>
          </reporter-output>
        </test-method> <!-- tearDown -->
      </class> <!-- androidapp.vamsi_appium.eCommerce_tc_4_Hybrid -->
    </test> <!-- Default test -->
  </suite> <!-- Default suite -->
</testng-results>
